<?xml version="1.0" encoding="UTF-8"?>
<!-- Generated by org.testng.reporters.JUnitReportReporter -->
<testsuite hostname="LVAGPLTP6796" failures="0" tests="1" name="ChannelAutomation.VerifyHomePageNavigation" time="31.017" errors="0" timestamp="2023-05-18T22:00:09 EEST" skipped="0">
  <testcase classname="ChannelAutomation.VerifyHomePageNavigation" name="VerifyUserNavigationForHomapage" time="31.017"/>
  <system-out/>
</testsuite> <!-- ChannelAutomation.VerifyHomePageNavigation -->
