<?xml version="1.0" encoding="UTF-8"?>
<!-- Generated by org.testng.reporters.JUnitReportReporter -->
<testsuite hostname="LVAGPLTP6796" failures="0" tests="1" name="ChannelAutomation.VerifyUserHomePage" time="43.180" errors="0" timestamp="2023-05-18T20:18:19 EEST" skipped="0">
  <testcase classname="ChannelAutomation.VerifyUserHomePage" name="VerifyUserNavigationInHome" time="43.180"/>
  <system-out/>
</testsuite> <!-- ChannelAutomation.VerifyUserHomePage -->
